2023-07-04 17:51:41 - Starting C:\Program Files\nodejs\node.exe  --harmony C:\Users\User\Documents\Marcello\IT\to-do-app\server\node_modules\node-windows\lib\wrapper.js --file C:\Users\User\Documents\Marcello\IT\to-do-app\server\server.js --scriptoptions= --log "task-app wrapper" --grow 0.25 --wait 1 --maxrestarts 3 --abortonerror n --stopparentfirst undefined
2023-07-04 17:51:41 - Started 18772
2023-07-04 17:55:50 - Stopping taskapp.exe
2023-07-04 17:55:50 - ProcessKill 18772
2023-07-04 17:55:50 - Shutdown exception
Message:Systeem wordt afgesloten.

Stacktrace:   bij System.Runtime.InteropServices.Marshal.ThrowExceptionForHRInternal(Int32 errorCode, IntPtr errorInfo)
   bij System.Management.ManagementScope.InitializeGuts(Object o)
   bij System.Management.ManagementScope.Initialize()
   bij System.Management.ManagementObjectSearcher.Initialize()
   bij System.Management.ManagementObjectSearcher.Get()
   bij winsw.WrapperService.GetChildPids(Int32 pid)
   bij winsw.WrapperService.StopProcessAndChildren(Int32 pid)
   bij winsw.WrapperService.StopIt()
   bij winsw.WrapperService.OnShutdown()
2023-07-04 17:56:17 - Starting C:\Program Files\nodejs\node.exe  --harmony C:\Users\User\Documents\Marcello\IT\to-do-app\server\node_modules\node-windows\lib\wrapper.js --file C:\Users\User\Documents\Marcello\IT\to-do-app\server\server.js --scriptoptions= --log "task-app wrapper" --grow 0.25 --wait 1 --maxrestarts 3 --abortonerror n --stopparentfirst undefined
2023-07-04 17:56:17 - Started 7792
2023-07-04 18:01:30 - Starting C:\Program Files\nodejs\node.exe  --harmony C:\Users\User\Documents\Marcello\IT\to-do-app\server\node_modules\node-windows\lib\wrapper.js --file C:\Users\User\Documents\Marcello\IT\to-do-app\server\server.js --scriptoptions= --log "task-app wrapper" --grow 0.25 --wait 1 --maxrestarts 3 --abortonerror n --stopparentfirst undefined
2023-07-04 18:01:31 - Started 7784
2023-07-04 22:37:54 - Starting C:\Program Files\nodejs\node.exe  --harmony C:\Users\User\Documents\Marcello\IT\to-do-app\server\node_modules\node-windows\lib\wrapper.js --file C:\Users\User\Documents\Marcello\IT\to-do-app\server\server.js --scriptoptions= --log "task-app wrapper" --grow 0.25 --wait 1 --maxrestarts 3 --abortonerror n --stopparentfirst undefined
2023-07-04 22:37:54 - Started 7056
2023-07-04 23:21:24 - Starting C:\Program Files\nodejs\node.exe  --harmony C:\Users\User\Documents\Marcello\IT\to-do-app\server\node_modules\node-windows\lib\wrapper.js --file C:\Users\User\Documents\Marcello\IT\to-do-app\server\server.js --scriptoptions= --log "task-app wrapper" --grow 0.25 --wait 1 --maxrestarts 3 --abortonerror n --stopparentfirst undefined
2023-07-04 23:21:24 - Started 7468
2023-07-04 23:53:52 - Stopping taskapp.exe
2023-07-04 23:53:52 - ProcessKill 7468
2023-07-04 23:53:53 - Found child process: 7528 Name: conhost.exe
2023-07-04 23:53:53 - Found child process: 9528 Name: node.exe
2023-07-04 23:53:53 - Stopping process 7528
2023-07-04 23:53:53 - Send SIGINT 7528
2023-07-04 23:53:53 - SIGINT to 7528 failed - Killing as fallback
2023-07-04 23:53:53 - Stopping process 9528
2023-07-04 23:53:53 - Send SIGINT 9528
2023-07-04 23:53:53 - SIGINT to 9528 failed - Killing as fallback
2023-07-04 23:53:53 - Stopping process 7468
2023-07-04 23:53:53 - Send SIGINT 7468
2023-07-04 23:53:53 - SIGINT to 7468 failed - Killing as fallback
2023-07-04 23:53:53 - Finished taskapp.exe
2023-07-04 23:54:50 - Starting C:\Program Files\nodejs\node.exe  --harmony C:\Users\User\Documents\Marcello\IT\to-do-app\server\node_modules\node-windows\lib\wrapper.js --file C:\Users\User\Documents\Marcello\IT\to-do-app\server\server.js --scriptoptions= --log "task-app wrapper" --grow 0.25 --wait 1 --maxrestarts 3 --abortonerror n --stopparentfirst undefined
2023-07-04 23:54:50 - Started 7328
2023-07-04 23:55:10 - Stopping taskapp.exe
2023-07-04 23:55:10 - ProcessKill 7328
2023-07-04 23:55:10 - Found child process: 2592 Name: conhost.exe
2023-07-04 23:55:10 - Found child process: 21332 Name: node.exe
2023-07-04 23:55:10 - Stopping process 2592
2023-07-04 23:55:10 - Send SIGINT 2592
2023-07-04 23:55:10 - SIGINT to 2592 failed - Killing as fallback
2023-07-04 23:55:10 - Stopping process 21332
2023-07-04 23:55:10 - Send SIGINT 21332
2023-07-04 23:55:10 - SIGINT to 21332 failed - Killing as fallback
2023-07-04 23:55:10 - Stopping process 7328
2023-07-04 23:55:10 - Send SIGINT 7328
2023-07-04 23:55:10 - SIGINT to 7328 failed - Killing as fallback
2023-07-04 23:55:10 - Finished taskapp.exe
2023-07-04 23:55:11 - Starting C:\Program Files\nodejs\node.exe  --harmony C:\Users\User\Documents\Marcello\IT\to-do-app\server\node_modules\node-windows\lib\wrapper.js --file C:\Users\User\Documents\Marcello\IT\to-do-app\server\server.js --scriptoptions= --log "task-app wrapper" --grow 0.25 --wait 1 --maxrestarts 3 --abortonerror n --stopparentfirst undefined
2023-07-04 23:55:11 - Started 2888
2023-07-04 23:56:50 - Stopping taskapp.exe
2023-07-04 23:56:50 - ProcessKill 2888
2023-07-04 23:56:50 - Found child process: 3636 Name: conhost.exe
2023-07-04 23:56:50 - Found child process: 15616 Name: node.exe
2023-07-04 23:56:50 - Stopping process 3636
2023-07-04 23:56:50 - Send SIGINT 3636
2023-07-04 23:56:50 - SIGINT to 3636 failed - Killing as fallback
2023-07-04 23:56:50 - Stopping process 15616
2023-07-04 23:56:50 - Send SIGINT 15616
2023-07-04 23:56:50 - SIGINT to 15616 failed - Killing as fallback
2023-07-04 23:56:50 - Stopping process 2888
2023-07-04 23:56:50 - Send SIGINT 2888
2023-07-04 23:56:50 - SIGINT to 2888 failed - Killing as fallback
2023-07-04 23:56:50 - Finished taskapp.exe
2023-07-04 23:56:58 - Starting C:\Program Files\nodejs\node.exe  --harmony C:\Users\User\Documents\Marcello\IT\to-do-app\server\node_modules\node-windows\lib\wrapper.js --file C:\Users\User\Documents\Marcello\IT\to-do-app\server\server.js --scriptoptions= --log "task-app wrapper" --grow 0.25 --wait 1 --maxrestarts 3 --abortonerror n --stopparentfirst undefined
2023-07-04 23:56:58 - Started 7480
2023-07-04 23:57:33 - Stopping taskapp.exe
2023-07-04 23:57:33 - ProcessKill 7480
2023-07-04 23:57:34 - Shutdown exception
Message:Systeem wordt afgesloten.

Stacktrace:   bij System.Runtime.InteropServices.Marshal.ThrowExceptionForHRInternal(Int32 errorCode, IntPtr errorInfo)
   bij System.Management.ManagementScope.InitializeGuts(Object o)
   bij System.Management.ManagementScope.Initialize()
   bij System.Management.ManagementObjectSearcher.Initialize()
   bij System.Management.ManagementObjectSearcher.Get()
   bij winsw.WrapperService.GetChildPids(Int32 pid)
   bij winsw.WrapperService.StopProcessAndChildren(Int32 pid)
   bij winsw.WrapperService.StopIt()
   bij winsw.WrapperService.OnShutdown()
2023-07-05 08:32:50 - Starting C:\Program Files\nodejs\node.exe  --harmony C:\Users\User\Documents\Marcello\IT\to-do-app\server\node_modules\node-windows\lib\wrapper.js --file C:\Users\User\Documents\Marcello\IT\to-do-app\server\server.js --scriptoptions= --log "task-app wrapper" --grow 0.25 --wait 1 --maxrestarts 3 --abortonerror n --stopparentfirst undefined
2023-07-05 08:32:50 - Started 8680
2023-07-05 16:52:50 - Starting C:\Program Files\nodejs\node.exe  --harmony C:\Users\User\Documents\Marcello\IT\to-do-app\server\node_modules\node-windows\lib\wrapper.js --file C:\Users\User\Documents\Marcello\IT\to-do-app\server\server.js --scriptoptions= --log "task-app wrapper" --grow 0.25 --wait 1 --maxrestarts 3 --abortonerror n --stopparentfirst undefined
2023-07-05 16:52:50 - Started 7724
2023-07-06 08:32:07 - Starting C:\Program Files\nodejs\node.exe  --harmony C:\Users\User\Documents\Marcello\IT\to-do-app\server\node_modules\node-windows\lib\wrapper.js --file C:\Users\User\Documents\Marcello\IT\to-do-app\server\server.js --scriptoptions= --log "task-app wrapper" --grow 0.25 --wait 1 --maxrestarts 3 --abortonerror n --stopparentfirst undefined
2023-07-06 08:32:07 - Started 8512
2023-07-06 21:37:00 - Starting C:\Program Files\nodejs\node.exe  --harmony C:\Users\User\Documents\Marcello\IT\to-do-app\server\node_modules\node-windows\lib\wrapper.js --file C:\Users\User\Documents\Marcello\IT\to-do-app\server\server.js --scriptoptions= --log "task-app wrapper" --grow 0.25 --wait 1 --maxrestarts 3 --abortonerror n --stopparentfirst undefined
2023-07-06 21:37:00 - Started 5620
2023-07-06 23:11:51 - Stopping taskapp.exe
2023-07-06 23:11:51 - ProcessKill 5620
2023-07-06 23:11:52 - Shutdown exception
Message:Systeem wordt afgesloten.

Stacktrace:   bij System.Runtime.InteropServices.Marshal.ThrowExceptionForHRInternal(Int32 errorCode, IntPtr errorInfo)
   bij System.Management.ManagementScope.InitializeGuts(Object o)
   bij System.Management.ManagementScope.Initialize()
   bij System.Management.ManagementObjectSearcher.Initialize()
   bij System.Management.ManagementObjectSearcher.Get()
   bij winsw.WrapperService.GetChildPids(Int32 pid)
   bij winsw.WrapperService.StopProcessAndChildren(Int32 pid)
   bij winsw.WrapperService.StopIt()
   bij winsw.WrapperService.OnShutdown()
2023-07-06 23:54:40 - Starting C:\Program Files\nodejs\node.exe  --harmony C:\Users\User\Documents\Marcello\IT\to-do-app\server\node_modules\node-windows\lib\wrapper.js --file C:\Users\User\Documents\Marcello\IT\to-do-app\server\server.js --scriptoptions= --log "task-app wrapper" --grow 0.25 --wait 1 --maxrestarts 3 --abortonerror n --stopparentfirst undefined
2023-07-06 23:54:40 - Started 7908
2023-07-07 09:16:57 - Starting C:\Program Files\nodejs\node.exe  --harmony C:\Users\User\Documents\Marcello\IT\to-do-app\server\node_modules\node-windows\lib\wrapper.js --file C:\Users\User\Documents\Marcello\IT\to-do-app\server\server.js --scriptoptions= --log "task-app wrapper" --grow 0.25 --wait 1 --maxrestarts 3 --abortonerror n --stopparentfirst undefined
2023-07-07 09:16:57 - Started 7504
2023-07-10 08:28:55 - Starting C:\Program Files\nodejs\node.exe  --harmony C:\Users\User\Documents\Marcello\IT\to-do-app\server\node_modules\node-windows\lib\wrapper.js --file C:\Users\User\Documents\Marcello\IT\to-do-app\server\server.js --scriptoptions= --log "task-app wrapper" --grow 0.25 --wait 1 --maxrestarts 3 --abortonerror n --stopparentfirst undefined
2023-07-10 08:28:55 - Started 8692
2023-07-10 13:37:58 - Stopping taskapp.exe
2023-07-10 13:37:58 - ProcessKill 8692
2023-07-10 13:37:58 - Found child process: 8756 Name: conhost.exe
2023-07-10 13:37:58 - Found child process: 11336 Name: node.exe
2023-07-10 13:37:58 - Stopping process 8756
2023-07-10 13:37:58 - Send SIGINT 8756
2023-07-10 13:37:58 - SIGINT to 8756 failed - Killing as fallback
2023-07-10 13:37:58 - Stopping process 11336
2023-07-10 13:37:58 - Send SIGINT 11336
2023-07-10 13:37:58 - SIGINT to 11336 failed - Killing as fallback
2023-07-10 13:37:58 - Stopping process 8692
2023-07-10 13:37:58 - Send SIGINT 8692
2023-07-10 13:37:58 - SIGINT to 8692 failed - Killing as fallback
2023-07-10 13:37:58 - Finished taskapp.exe
2023-07-10 13:42:38 - Starting C:\Program Files\nodejs\node.exe  --harmony C:\Users\User\Documents\Marcello\IT\to-do-app\server\node_modules\node-windows\lib\wrapper.js --file C:\Users\User\Documents\Marcello\IT\to-do-app\server\server.js --scriptoptions= --log "task-app wrapper" --grow 0.25 --wait 1 --maxrestarts 3 --abortonerror n --stopparentfirst undefined
2023-07-10 13:42:38 - Started 25536
2023-07-10 20:37:43 - Stopping taskapp.exe
2023-07-10 20:37:43 - ProcessKill 25536
2023-07-10 20:37:43 - Shutdown exception
Message:Systeem wordt afgesloten.

Stacktrace:   bij System.Runtime.InteropServices.Marshal.ThrowExceptionForHRInternal(Int32 errorCode, IntPtr errorInfo)
   bij System.Management.ManagementScope.InitializeGuts(Object o)
   bij System.Management.ManagementScope.Initialize()
   bij System.Management.ManagementObjectSearcher.Initialize()
   bij System.Management.ManagementObjectSearcher.Get()
   bij winsw.WrapperService.GetChildPids(Int32 pid)
   bij winsw.WrapperService.StopProcessAndChildren(Int32 pid)
   bij winsw.WrapperService.StopIt()
   bij winsw.WrapperService.OnShutdown()
2023-07-10 20:38:17 - Starting C:\Program Files\nodejs\node.exe  --harmony C:\Users\User\Documents\Marcello\IT\to-do-app\server\node_modules\node-windows\lib\wrapper.js --file C:\Users\User\Documents\Marcello\IT\to-do-app\server\server.js --scriptoptions= --log "task-app wrapper" --grow 0.25 --wait 1 --maxrestarts 3 --abortonerror n --stopparentfirst undefined
2023-07-10 20:38:17 - Started 9704
2023-07-10 20:40:18 - Stopping taskapp.exe
2023-07-10 20:40:18 - ProcessKill 9704
2023-07-10 20:40:18 - Shutdown exception
Message:Systeem wordt afgesloten.

Stacktrace:   bij System.Runtime.InteropServices.Marshal.ThrowExceptionForHRInternal(Int32 errorCode, IntPtr errorInfo)
   bij System.Management.ManagementScope.InitializeGuts(Object o)
   bij System.Management.ManagementScope.Initialize()
   bij System.Management.ManagementObjectSearcher.Initialize()
   bij System.Management.ManagementObjectSearcher.Get()
   bij winsw.WrapperService.GetChildPids(Int32 pid)
   bij winsw.WrapperService.StopProcessAndChildren(Int32 pid)
   bij winsw.WrapperService.StopIt()
   bij winsw.WrapperService.OnShutdown()
2023-07-10 20:41:38 - Starting C:\Program Files\nodejs\node.exe  --harmony C:\Users\User\Documents\Marcello\IT\to-do-app\server\node_modules\node-windows\lib\wrapper.js --file C:\Users\User\Documents\Marcello\IT\to-do-app\server\server.js --scriptoptions= --log "task-app wrapper" --grow 0.25 --wait 1 --maxrestarts 3 --abortonerror n --stopparentfirst undefined
2023-07-10 20:41:38 - Started 10112
2023-07-12 16:56:03 - Stopping taskapp.exe
2023-07-12 16:56:03 - ProcessKill 10112
2023-07-12 16:56:04 - Shutdown exception
Message:Systeem wordt afgesloten.

Stacktrace:   bij System.Runtime.InteropServices.Marshal.ThrowExceptionForHRInternal(Int32 errorCode, IntPtr errorInfo)
   bij System.Management.ManagementScope.InitializeGuts(Object o)
   bij System.Management.ManagementScope.Initialize()
   bij System.Management.ManagementObjectSearcher.Initialize()
   bij System.Management.ManagementObjectSearcher.Get()
   bij winsw.WrapperService.GetChildPids(Int32 pid)
   bij winsw.WrapperService.StopProcessAndChildren(Int32 pid)
   bij winsw.WrapperService.StopIt()
   bij winsw.WrapperService.OnShutdown()
2023-07-13 08:26:47 - Starting C:\Program Files\nodejs\node.exe  --harmony C:\Users\User\Documents\Marcello\IT\to-do-app\server\node_modules\node-windows\lib\wrapper.js --file C:\Users\User\Documents\Marcello\IT\to-do-app\server\server.js --scriptoptions= --log "task-app wrapper" --grow 0.25 --wait 1 --maxrestarts 3 --abortonerror n --stopparentfirst undefined
2023-07-13 08:26:47 - Started 7892
2023-07-14 14:59:31 - Stopping taskapp.exe
2023-07-14 14:59:31 - ProcessKill 7892
2023-07-14 14:59:31 - Shutdown exception
Message:Systeem wordt afgesloten.

Stacktrace:   bij System.Runtime.InteropServices.Marshal.ThrowExceptionForHRInternal(Int32 errorCode, IntPtr errorInfo)
   bij System.Management.ManagementScope.InitializeGuts(Object o)
   bij System.Management.ManagementScope.Initialize()
   bij System.Management.ManagementObjectSearcher.Initialize()
   bij System.Management.ManagementObjectSearcher.Get()
   bij winsw.WrapperService.GetChildPids(Int32 pid)
   bij winsw.WrapperService.StopProcessAndChildren(Int32 pid)
   bij winsw.WrapperService.StopIt()
   bij winsw.WrapperService.OnShutdown()
2023-07-14 15:00:00 - Starting C:\Program Files\nodejs\node.exe  --harmony C:\Users\User\Documents\Marcello\IT\to-do-app\server\node_modules\node-windows\lib\wrapper.js --file C:\Users\User\Documents\Marcello\IT\to-do-app\server\server.js --scriptoptions= --log "task-app wrapper" --grow 0.25 --wait 1 --maxrestarts 3 --abortonerror n --stopparentfirst undefined
2023-07-14 15:00:00 - Started 7384
2023-07-17 22:06:34 - Stopping taskapp.exe
2023-07-17 22:06:34 - ProcessKill 7384
2023-07-17 22:06:35 - Shutdown exception
Message:Systeem wordt afgesloten.

Stacktrace:   bij System.Runtime.InteropServices.Marshal.ThrowExceptionForHRInternal(Int32 errorCode, IntPtr errorInfo)
   bij System.Management.ManagementScope.InitializeGuts(Object o)
   bij System.Management.ManagementScope.Initialize()
   bij System.Management.ManagementObjectSearcher.Initialize()
   bij System.Management.ManagementObjectSearcher.Get()
   bij winsw.WrapperService.GetChildPids(Int32 pid)
   bij winsw.WrapperService.StopProcessAndChildren(Int32 pid)
   bij winsw.WrapperService.StopIt()
   bij winsw.WrapperService.OnShutdown()
2023-07-18 07:58:47 - Starting C:\Program Files\nodejs\node.exe  --harmony C:\Users\User\Documents\Marcello\IT\to-do-app\server\node_modules\node-windows\lib\wrapper.js --file C:\Users\User\Documents\Marcello\IT\to-do-app\server\server.js --scriptoptions= --log "task-app wrapper" --grow 0.25 --wait 1 --maxrestarts 3 --abortonerror n --stopparentfirst undefined
2023-07-18 07:58:52 - Started 8904
2023-07-18 17:25:14 - Stopping taskapp.exe
2023-07-18 17:25:14 - ProcessKill 8904
2023-07-18 17:25:14 - Shutdown exception
Message:Systeem wordt afgesloten.

Stacktrace:   bij System.Runtime.InteropServices.Marshal.ThrowExceptionForHRInternal(Int32 errorCode, IntPtr errorInfo)
   bij System.Management.ManagementScope.InitializeGuts(Object o)
   bij System.Management.ManagementScope.Initialize()
   bij System.Management.ManagementObjectSearcher.Initialize()
   bij System.Management.ManagementObjectSearcher.Get()
   bij winsw.WrapperService.GetChildPids(Int32 pid)
   bij winsw.WrapperService.StopProcessAndChildren(Int32 pid)
   bij winsw.WrapperService.StopIt()
   bij winsw.WrapperService.OnShutdown()
2023-07-19 10:08:40 - Starting C:\Program Files\nodejs\node.exe  --harmony C:\Users\User\Documents\Marcello\IT\to-do-app\server\node_modules\node-windows\lib\wrapper.js --file C:\Users\User\Documents\Marcello\IT\to-do-app\server\server.js --scriptoptions= --log "task-app wrapper" --grow 0.25 --wait 1 --maxrestarts 3 --abortonerror n --stopparentfirst undefined
2023-07-19 10:08:40 - Started 8868
